/*C16*/SET SCHEMA PUBLIC
CONNECT USER SA
DISCONNECT
/*C17*/SET SCHEMA PUBLIC
CONNECT USER SA
DISCONNECT
/*C18*/SET SCHEMA PUBLIC
CONNECT USER SA
INSERT INTO ENTRADA VALUES(36,1,4,3.0E0,'regserg','sergs','sergseg',NULL,1,'2012-08-23 00:00:00.000000000')
DISCONNECT
/*C19*/SET SCHEMA PUBLIC
CONNECT USER SA
DISCONNECT
/*C20*/SET SCHEMA PUBLIC
CONNECT USER SA
DISCONNECT
/*C21*/SET SCHEMA PUBLIC
CONNECT USER SA
INSERT INTO ENTRADA VALUES(37,2,1,3.0E0,'erseg','sergseg','sergserg',NULL,1,'2012-08-23 00:00:00.000000000')
DISCONNECT
